<?xml version="1.0" encoding="UTF-8"?>
<testsuite xmlns:xsi="http://www.w3.org/2001/XMLSchema-instance" xsi:noNamespaceSchemaLocation="https://maven.apache.org/surefire/maven-surefire-plugin/xsd/surefire-test-report-3.0.xsd" version="3.0" name="cosmosdb.AzureCosmosDbApplicationManualTest" time="13.884" tests="1" errors="1" skipped="0" failures="0">
  <properties>
[...]
</properties>
  <testcase name="givenProductIsCreated_whenCallFindById_thenProductIsFound" classname="cosmosdb.AzureCosmosDbApplicationManualTest" time="0.363">
    <error message="Retrieved Product is Null" type="java.lang.IllegalArgumentException"><![CDATA[java.lang.IllegalArgumentException: Retrieved Product is Null
	at org.springframework.util.Assert.notNull(Assert.java:198)
	at cosmosdb.AzureCosmosDbApplicationManualTest.givenProductIsCreated_whenCallFindById_thenProductIsFound(AzureCosmosDbApplicationManualTest.java:23)
	at java.base/jdk.internal.reflect.NativeMethodAccessorImpl.invoke0(Native Method)
	at java.base/jdk.internal.reflect.NativeMethodAccessorImpl.invoke(NativeMethodAccessorImpl.java:77)
	at java.base/jdk.internal.reflect.DelegatingMethodAccessorImpl.invoke(DelegatingMethodAccessorImpl.java:43)
	at java.base/java.lang.reflect.Method.invoke(Method.java:568)
	at org.junit.platform.commons.util.ReflectionUtils.invokeMethod(ReflectionUtils.java:686)
	at org.junit.jupiter.engine.execution.MethodInvocation.proceed(MethodInvocation.java:60)
	at org.junit.jupiter.engine.execution.InvocationInterceptorChain$ValidatingInvocation.proceed(InvocationInterceptorChain.java:131)
	at org.junit.jupiter.engine.extension.TimeoutExtension.intercept(TimeoutExtension.java:149)
	at org.junit.jupiter.engine.extension.TimeoutExtension.interceptTestableMethod(TimeoutExtension.java:140)
	at org.junit.jupiter.engine.extension.TimeoutExtension.interceptTestMethod(TimeoutExtension.java:84)
	at org.junit.jupiter.engine.execution.ExecutableInvoker$ReflectiveInterceptorCall.lambda$ofVoidMethod$0(ExecutableInvoker.java:115)
	at org.junit.jupiter.engine.execution.ExecutableInvoker.lambda$invoke$0(ExecutableInvoker.java:105)
	at org.junit.jupiter.engine.execution.InvocationInterceptorChain$InterceptedInvocation.proceed(InvocationInterceptorChain.java:106)
	at org.junit.jupiter.engine.execution.InvocationInterceptorChain.proceed(InvocationInterceptorChain.java:64)
	at org.junit.jupiter.engine.execution.InvocationInterceptorChain.chainAndInvoke(InvocationInterceptorChain.java:45)
	at org.junit.jupiter.engine.execution.InvocationInterceptorChain.invoke(InvocationInterceptorChain.java:37)
	at org.junit.jupiter.engine.execution.ExecutableInvoker.invoke(ExecutableInvoker.java:104)
	at org.junit.jupiter.engine.execution.ExecutableInvoker.invoke(ExecutableInvoker.java:98)
	at org.junit.jupiter.engine.descriptor.TestMethodTestDescriptor.lambda$invokeTestMethod$6(TestMethodTestDescriptor.java:212)
	at org.junit.platform.engine.support.hierarchical.ThrowableCollector.execute(ThrowableCollector.java:73)
	at org.junit.jupiter.engine.descriptor.TestMethodTestDescriptor.invokeTestMethod(TestMethodTestDescriptor.java:208)
	at org.junit.jupiter.engine.descriptor.TestMethodTestDescriptor.execute(TestMethodTestDescriptor.java:137)
	at org.junit.jupiter.engine.descriptor.TestMethodTestDescriptor.execute(TestMethodTestDescriptor.java:71)
	at org.junit.platform.engine.support.hierarchical.NodeTestTask.lambda$executeRecursively$5(NodeTestTask.java:135)
	at org.junit.platform.engine.support.hierarchical.ThrowableCollector.execute(ThrowableCollector.java:73)
	at org.junit.platform.engine.support.hierarchical.NodeTestTask.lambda$executeRecursively$7(NodeTestTask.java:125)
	at org.junit.platform.engine.support.hierarchical.Node.around(Node.java:135)
	at org.junit.platform.engine.support.hierarchical.NodeTestTask.lambda$executeRecursively$8(NodeTestTask.java:123)
	at org.junit.platform.engine.support.hierarchical.ThrowableCollector.execute(ThrowableCollector.java:73)
	at org.junit.platform.engine.support.hierarchical.NodeTestTask.executeRecursively(NodeTestTask.java:122)
	at org.junit.platform.engine.support.hierarchical.NodeTestTask.execute(NodeTestTask.java:80)
	at java.base/java.util.ArrayList.forEach(ArrayList.java:1511)
	at org.junit.platform.engine.support.hierarchical.SameThreadHierarchicalTestExecutorService.invokeAll(SameThreadHierarchicalTestExecutorService.java:38)
	at org.junit.platform.engine.support.hierarchical.NodeTestTask.lambda$executeRecursively$5(NodeTestTask.java:139)
	at org.junit.platform.engine.support.hierarchical.ThrowableCollector.execute(ThrowableCollector.java:73)
	at org.junit.platform.engine.support.hierarchical.NodeTestTask.lambda$executeRecursively$7(NodeTestTask.java:125)
	at org.junit.platform.engine.support.hierarchical.Node.around(Node.java:135)
	at org.junit.platform.engine.support.hierarchical.NodeTestTask.lambda$executeRecursively$8(NodeTestTask.java:123)
	at org.junit.platform.engine.support.hierarchical.ThrowableCollector.execute(ThrowableCollector.java:73)
	at org.junit.platform.engine.support.hierarchical.NodeTestTask.executeRecursively(NodeTestTask.java:122)
	at org.junit.platform.engine.support.hierarchical.NodeTestTask.execute(NodeTestTask.java:80)
	at java.base/java.util.ArrayList.forEach(ArrayList.java:1511)
	at org.junit.platform.engine.support.hierarchical.SameThreadHierarchicalTestExecutorService.invokeAll(SameThreadHierarchicalTestExecutorService.java:38)
	at org.junit.platform.engine.support.hierarchical.NodeTestTask.lambda$executeRecursively$5(NodeTestTask.java:139)
	at org.junit.platform.engine.support.hierarchical.ThrowableCollector.execute(ThrowableCollector.java:73)
	at org.junit.platform.engine.support.hierarchical.NodeTestTask.lambda$executeRecursively$7(NodeTestTask.java:125)
	at org.junit.platform.engine.support.hierarchical.Node.around(Node.java:135)
	at org.junit.platform.engine.support.hierarchical.NodeTestTask.lambda$executeRecursively$8(NodeTestTask.java:123)
	at org.junit.platform.engine.support.hierarchical.ThrowableCollector.execute(ThrowableCollector.java:73)
	at org.junit.platform.engine.support.hierarchical.NodeTestTask.executeRecursively(NodeTestTask.java:122)
	at org.junit.platform.engine.support.hierarchical.NodeTestTask.execute(NodeTestTask.java:80)
	at org.junit.platform.engine.support.hierarchical.SameThreadHierarchicalTestExecutorService.submit(SameThreadHierarchicalTestExecutorService.java:32)
	at org.junit.platform.engine.support.hierarchical.HierarchicalTestExecutor.execute(HierarchicalTestExecutor.java:57)
	at org.junit.platform.engine.support.hierarchical.HierarchicalTestEngine.execute(HierarchicalTestEngine.java:51)
	at org.junit.platform.launcher.core.DefaultLauncher.execute(DefaultLauncher.java:248)
	at org.junit.platform.launcher.core.DefaultLauncher.lambda$execute$5(DefaultLauncher.java:211)
	at org.junit.platform.launcher.core.DefaultLauncher.withInterceptedStreams(DefaultLauncher.java:226)
	at org.junit.platform.launcher.core.DefaultLauncher.execute(DefaultLauncher.java:199)
	at org.junit.platform.launcher.core.DefaultLauncher.execute(DefaultLauncher.java:132)
	at org.apache.maven.surefire.junitplatform.LazyLauncher.execute(LazyLauncher.java:50)
	at org.apache.maven.surefire.junitplatform.JUnitPlatformProvider.execute(JUnitPlatformProvider.java:184)
	at org.apache.maven.surefire.junitplatform.JUnitPlatformProvider.invokeAllTests(JUnitPlatformProvider.java:148)
	at org.apache.maven.surefire.junitplatform.JUnitPlatformProvider.invoke(JUnitPlatformProvider.java:122)
	at org.apache.maven.surefire.booter.ForkedBooter.runSuitesInProcess(ForkedBooter.java:385)
	at org.apache.maven.surefire.booter.ForkedBooter.execute(ForkedBooter.java:162)
	at org.apache.maven.surefire.booter.ForkedBooter.run(ForkedBooter.java:507)
	at org.apache.maven.surefire.booter.ForkedBooter.main(ForkedBooter.java:495)
]]></error>
    <system-out><![CDATA[18:59:55.397 [main] DEBUG org.springframework.test.context.BootstrapUtils - Instantiating CacheAwareContextLoaderDelegate from class [org.springframework.test.context.cache.DefaultCacheAwareContextLoaderDelegate]
18:59:55.402 [main] DEBUG org.springframework.test.context.BootstrapUtils - Instantiating BootstrapContext using constructor [public org.springframework.test.context.support.DefaultBootstrapContext(java.lang.Class,org.springframework.test.context.CacheAwareContextLoaderDelegate)]
18:59:55.411 [main] DEBUG org.springframework.test.context.BootstrapUtils - Instantiating TestContextBootstrapper for test class [cosmosdb.AzureCosmosDbApplicationManualTest] from class [org.springframework.boot.test.context.SpringBootTestContextBootstrapper]
18:59:55.417 [main] INFO org.springframework.boot.test.context.SpringBootTestContextBootstrapper - Neither @ContextConfiguration nor @ContextHierarchy found for test class [cosmosdb.AzureCosmosDbApplicationManualTest], using SpringBootContextLoader
18:59:55.418 [main] DEBUG org.springframework.test.context.support.AbstractContextLoader - Did not detect default resource location for test class [cosmosdb.AzureCosmosDbApplicationManualTest]: class path resource [cosmosdb/AzureCosmosDbApplicationManualTest-context.xml] does not exist
18:59:55.418 [main] DEBUG org.springframework.test.context.support.AbstractContextLoader - Did not detect default resource location for test class [cosmosdb.AzureCosmosDbApplicationManualTest]: class path resource [cosmosdb/AzureCosmosDbApplicationManualTestContext.groovy] does not exist
18:59:55.418 [main] INFO org.springframework.test.context.support.AbstractContextLoader - Could not detect default resource locations for test class [cosmosdb.AzureCosmosDbApplicationManualTest]: no resource found for suffixes {-context.xml, Context.groovy}.
18:59:55.418 [main] INFO org.springframework.test.context.support.AnnotationConfigContextLoaderUtils - Could not detect default configuration classes for test class [cosmosdb.AzureCosmosDbApplicationManualTest]: AzureCosmosDbApplicationManualTest does not declare any static, non-private, non-final, nested classes annotated with @Configuration.
18:59:55.433 [main] DEBUG org.springframework.test.context.support.ActiveProfilesUtils - Could not find an 'annotation declaring class' for annotation type [org.springframework.test.context.ActiveProfiles] and class [cosmosdb.AzureCosmosDbApplicationManualTest]
18:59:55.456 [main] DEBUG org.springframework.context.annotation.ClassPathScanningCandidateComponentProvider - Identified candidate component class: file [/Users/noahbeverly/Documents/repos/orhp-crud-app/orhp-java/target/classes/cosmosdb/AzureCosmosDbApplication.class]
18:59:55.457 [main] INFO org.springframework.boot.test.context.SpringBootTestContextBootstrapper - Found @SpringBootConfiguration cosmosdb.AzureCosmosDbApplication for test class cosmosdb.AzureCosmosDbApplicationManualTest
18:59:55.484 [main] DEBUG org.springframework.boot.test.context.SpringBootTestContextBootstrapper - @TestExecutionListeners is not present for class [cosmosdb.AzureCosmosDbApplicationManualTest]: using defaults.
18:59:55.484 [main] INFO org.springframework.boot.test.context.SpringBootTestContextBootstrapper - Loaded default TestExecutionListener class names from location [META-INF/spring.factories]: [org.springframework.boot.test.mock.mockito.MockitoTestExecutionListener, org.springframework.boot.test.mock.mockito.ResetMocksTestExecutionListener, org.springframework.boot.test.autoconfigure.restdocs.RestDocsTestExecutionListener, org.springframework.boot.test.autoconfigure.web.client.MockRestServiceServerResetTestExecutionListener, org.springframework.boot.test.autoconfigure.web.servlet.MockMvcPrintOnlyOnFailureTestExecutionListener, org.springframework.boot.test.autoconfigure.web.servlet.WebDriverTestExecutionListener, org.springframework.boot.test.autoconfigure.webservices.client.MockWebServiceServerTestExecutionListener, org.springframework.test.context.web.ServletTestExecutionListener, org.springframework.test.context.support.DirtiesContextBeforeModesTestExecutionListener, org.springframework.test.context.support.DependencyInjectionTestExecutionListener, org.springframework.test.context.support.DirtiesContextTestExecutionListener, org.springframework.test.context.transaction.TransactionalTestExecutionListener, org.springframework.test.context.jdbc.SqlScriptsTestExecutionListener, org.springframework.test.context.event.EventPublishingTestExecutionListener]
18:59:55.489 [main] INFO org.springframework.boot.test.context.SpringBootTestContextBootstrapper - Using TestExecutionListeners: [org.springframework.test.context.web.ServletTestExecutionListener@18f20260, org.springframework.test.context.support.DirtiesContextBeforeModesTestExecutionListener@4ae33a11, org.springframework.boot.test.mock.mockito.MockitoTestExecutionListener@7a48e6e2, org.springframework.boot.test.autoconfigure.SpringBootDependencyInjectionTestExecutionListener@b40bb6e, org.springframework.test.context.support.DirtiesContextTestExecutionListener@3a94964, org.springframework.test.context.transaction.TransactionalTestExecutionListener@5049d8b2, org.springframework.test.context.jdbc.SqlScriptsTestExecutionListener@6d0b5baf, org.springframework.test.context.event.EventPublishingTestExecutionListener@631e06ab, org.springframework.boot.test.mock.mockito.ResetMocksTestExecutionListener@2a3591c5, org.springframework.boot.test.autoconfigure.restdocs.RestDocsTestExecutionListener@34a75079, org.springframework.boot.test.autoconfigure.web.client.MockRestServiceServerResetTestExecutionListener@346a361, org.springframework.boot.test.autoconfigure.web.servlet.MockMvcPrintOnlyOnFailureTestExecutionListener@107ed6fc, org.springframework.boot.test.autoconfigure.web.servlet.WebDriverTestExecutionListener@1643d68f, org.springframework.boot.test.autoconfigure.webservices.client.MockWebServiceServerTestExecutionListener@186978a6]
18:59:55.490 [main] DEBUG org.springframework.test.context.support.AbstractDirtiesContextTestExecutionListener - Before test class: context [DefaultTestContext@64beebb7 testClass = AzureCosmosDbApplicationManualTest, testInstance = [null], testMethod = [null], testException = [null], mergedContextConfiguration = [WebMergedContextConfiguration@7813cb11 testClass = AzureCosmosDbApplicationManualTest, locations = '{}', classes = '{class cosmosdb.AzureCosmosDbApplication}', contextInitializerClasses = '[]', activeProfiles = '{}', propertySourceLocations = '{}', propertySourceProperties = '{org.springframework.boot.test.context.SpringBootTestContextBootstrapper=true}', contextCustomizers = set[org.springframework.boot.test.context.filter.ExcludeFilterContextCustomizer@4ed5eb72, org.springframework.boot.test.json.DuplicateJsonObjectContextCustomizerFactory$DuplicateJsonObjectContextCustomizer@7e6ef134, org.springframework.boot.test.mock.mockito.MockitoContextCustomizer@0, org.springframework.boot.test.web.client.TestRestTemplateContextCustomizer@34f22f9d, org.springframework.boot.test.autoconfigure.properties.PropertyMappingContextCustomizer@0, org.springframework.boot.test.autoconfigure.web.servlet.WebDriverContextCustomizerFactory$Customizer@dbd8e44, org.springframework.boot.test.context.SpringBootTestArgs@1], resourceBasePath = 'src/main/webapp', contextLoader = 'org.springframework.boot.test.context.SpringBootContextLoader', parent = [null]], attributes = map['org.springframework.test.context.web.ServletTestExecutionListener.activateListener' -> true]], class annotated with @DirtiesContext [false] with mode [null].
18:59:55.500 [main] DEBUG org.springframework.test.context.support.TestPropertySourceUtils - Adding inlined properties to environment: {spring.jmx.enabled=false, org.springframework.boot.test.context.SpringBootTestContextBootstrapper=true}

  .   ____          _            __ _ _
 /\\ / ___'_ __ _ _(_)_ __  __ _ \ \ \ \
( ( )\___ | '_ | '_| | '_ \/ _` | \ \ \ \
 \\/  ___)| |_)| | | | | || (_| |  ) ) ) )
  '  |____| .__|_| |_|_| |_\__, | / / / /
 =========|_|==============|___/=/_/_/_/
 :: Spring Boot ::        (v2.3.0.RELEASE)

2023-05-09 18:59:55.579  WARN 16618 --- [           main] ory$DuplicateJsonObjectContextCustomizer : 

Found multiple occurrences of org.json.JSONObject on the class path:

	jar:file:/Users/noahbeverly/.m2/repository/org/json/json/20140107/json-20140107.jar!/org/json/JSONObject.class
	jar:file:/Users/noahbeverly/.m2/repository/com/vaadin/external/google/android-json/0.0.20131108.vaadin1/android-json-0.0.20131108.vaadin1.jar!/org/json/JSONObject.class

You may wish to exclude one of them to ensure predictable runtime behavior

2023-05-09 18:59:55.583  INFO 16618 --- [           main] c.AzureCosmosDbApplicationManualTest     : Starting AzureCosmosDbApplicationManualTest on nbev-MBP-931.lan with PID 16618 (started by noahbeverly in /Users/noahbeverly/Documents/repos/orhp-crud-app/orhp-java)
2023-05-09 18:59:55.584  INFO 16618 --- [           main] c.AzureCosmosDbApplicationManualTest     : No active profile set, falling back to default profiles: default
2023-05-09 18:59:55.730  INFO 16618 --- [           main] .s.d.r.c.RepositoryConfigurationDelegate : Bootstrapping Spring Data cosmosdb repositories in DEFAULT mode.
2023-05-09 18:59:55.817  INFO 16618 --- [           main] .s.d.r.c.RepositoryConfigurationDelegate : Finished Spring Data repository scanning in 85ms. Found 1 cosmosdb repository interfaces.
2023-05-09 18:59:56.078  INFO 16618 --- [           main] c.a.d.c.internal.RxDocumentClientImpl    : Initializing DocumentClient with serviceEndpoint [https://nbev-cosmos.documents.azure.com:443], connectionPolicy [ConnectionPolicy{requestTimeoutInMillis=60000, mediaRequestTimeoutInMillis=300000, connectionMode=DIRECT, maxPoolSize=1000, idleConnectionTimeoutInMillis=60000, userAgentSuffix=';spring-data/2.3.0;', retryOptions=RetryOptions{maxRetryAttemptsOnThrottledRequests=9, maxRetryWaitTimeInSeconds=30}, enableEndpointDiscovery=true, preferredLocations=null, usingMultipleWriteLocations=false, inetSocketProxyAddress=null}], consistencyLevel [Session], directModeProtocol [Tcp]
2023-05-09 18:59:56.123  INFO 16618 --- [     parallel-1] c.a.d.c.internal.RxDocumentClientImpl    : Getting database account endpoint from https://nbev-cosmos.documents.azure.com:443
2023-05-09 19:00:08.258  INFO 16618 --- [           main] c.a.d.c.internal.RxDocumentClientImpl    : Initializing DocumentClient with serviceEndpoint [https://nbev-cosmos.documents.azure.com:443], connectionPolicy [ConnectionPolicy{requestTimeoutInMillis=60000, mediaRequestTimeoutInMillis=300000, connectionMode=DIRECT, maxPoolSize=1000, idleConnectionTimeoutInMillis=60000, userAgentSuffix=';spring-data/2.3.0;;spring-data/2.3.0;', retryOptions=RetryOptions{maxRetryAttemptsOnThrottledRequests=9, maxRetryWaitTimeInSeconds=30}, enableEndpointDiscovery=true, preferredLocations=null, usingMultipleWriteLocations=false, inetSocketProxyAddress=null}], consistencyLevel [Session], directModeProtocol [Tcp]
2023-05-09 19:00:08.259  INFO 16618 --- [     parallel-2] c.a.d.c.internal.RxDocumentClientImpl    : Getting database account endpoint from https://nbev-cosmos.documents.azure.com:443
2023-05-09 19:00:08.382  INFO 16618 --- [           main] c.a.d.c.internal.RxDocumentClientImpl    : Initializing DocumentClient with serviceEndpoint [https://nbev-cosmos.documents.azure.com:443], connectionPolicy [ConnectionPolicy{requestTimeoutInMillis=60000, mediaRequestTimeoutInMillis=300000, connectionMode=DIRECT, maxPoolSize=1000, idleConnectionTimeoutInMillis=60000, userAgentSuffix=';spring-data/2.3.0;;spring-data/2.3.0;;spring-data/2.3.0;', retryOptions=RetryOptions{maxRetryAttemptsOnThrottledRequests=9, maxRetryWaitTimeInSeconds=30}, enableEndpointDiscovery=true, preferredLocations=null, usingMultipleWriteLocations=false, inetSocketProxyAddress=null}], consistencyLevel [Session], directModeProtocol [Tcp]
2023-05-09 19:00:08.383  INFO 16618 --- [     parallel-3] c.a.d.c.internal.RxDocumentClientImpl    : Getting database account endpoint from https://nbev-cosmos.documents.azure.com:443
2023-05-09 19:00:08.510  INFO 16618 --- [           main] c.a.d.c.internal.RxDocumentClientImpl    : Initializing DocumentClient with serviceEndpoint [https://nbev-cosmos.documents.azure.com:443], connectionPolicy [ConnectionPolicy{requestTimeoutInMillis=60000, mediaRequestTimeoutInMillis=300000, connectionMode=DIRECT, maxPoolSize=1000, idleConnectionTimeoutInMillis=60000, userAgentSuffix=';spring-data/2.3.0;;spring-data/2.3.0;;spring-data/2.3.0;;spring-data/2.3.0;', retryOptions=RetryOptions{maxRetryAttemptsOnThrottledRequests=9, maxRetryWaitTimeInSeconds=30}, enableEndpointDiscovery=true, preferredLocations=null, usingMultipleWriteLocations=false, inetSocketProxyAddress=null}], consistencyLevel [Session], directModeProtocol [Tcp]
2023-05-09 19:00:08.511  INFO 16618 --- [     parallel-4] c.a.d.c.internal.RxDocumentClientImpl    : Getting database account endpoint from https://nbev-cosmos.documents.azure.com:443
2023-05-09 19:00:08.785  INFO 16618 --- [           main] o.s.s.concurrent.ThreadPoolTaskExecutor  : Initializing ExecutorService 'applicationTaskExecutor'
2023-05-09 19:00:08.868  INFO 16618 --- [           main] c.AzureCosmosDbApplicationManualTest     : Started AzureCosmosDbApplicationManualTest in 13.364 seconds (JVM running for 13.753)
]]></system-out>
  </testcase>
</testsuite>